2023-08-06 04:52:36.763551 - Initialized conversion of CBT495
2023-08-06 04:52:37.792428 - Received CBT.V505.FILE495.PDS from FILE495.XMI 
2023-08-06 04:52:37.794994 - Found $$$#DATE.txt (text/plain) in CBT.V505.FILE495.PDS, moved to PDS/$$$#DATE
2023-08-06 04:52:37.796221 - Found $$$NOTE1.txt (text/plain) in CBT.V505.FILE495.PDS, moved to PDS/$$$NOTE1
2023-08-06 04:52:37.797381 - Found $$$NOTE2.txt (text/plain) in CBT.V505.FILE495.PDS, moved to PDS/$$$NOTE2
2023-08-06 04:52:37.798345 - Found $$$NOTE3.txt (text/plain) in CBT.V505.FILE495.PDS, moved to PDS/$$$NOTE3
2023-08-06 04:52:37.799245 - Found $BOOKINS.txt (text/plain) in CBT.V505.FILE495.PDS, moved to PDS/$BOOKINS
2023-08-06 04:52:37.800198 - Found $CHANGES.txt (text/plain) in CBT.V505.FILE495.PDS, moved to PDS/$CHANGES
2023-08-06 04:52:37.801102 - Found $DYNDTL.txt (text/plain) in CBT.V505.FILE495.PDS, moved to PDS/$DYNDTL
2023-08-06 04:52:37.801111 - Found $DYNMENU.bin containing application/octet-stream, moved to PDS/$DYNMENU
2023-08-06 04:52:37.802994 - Found $FILE495.txt (text/plain) in CBT.V505.FILE495.PDS, moved to PDS/$FILE495
2023-08-06 04:52:37.803889 - Found $INSTALL.txt (text/plain) in CBT.V505.FILE495.PDS, moved to PDS/$INSTALL
2023-08-06 04:52:37.804814 - Found $README.txt (text/plain) in CBT.V505.FILE495.PDS, moved to PDS/$README
2023-08-06 04:52:37.805715 - Found $READWAC.txt (text/plain) in CBT.V505.FILE495.PDS, moved to PDS/$READWAC
2023-08-06 04:52:37.806689 - Found @$AVRS.rexx (text/plain) in CBT.V505.FILE495.PDS, moved to PDS/@$AVRS
2023-08-06 04:52:37.807571 - Found @ABNDAID.rexx (text/plain) in CBT.V505.FILE495.PDS, moved to PDS/@ABNDAID
2023-08-06 04:52:37.808412 - Found @ACF2.rexx (text/plain) in CBT.V505.FILE495.PDS, moved to PDS/@ACF2
2023-08-06 04:52:37.809288 - Found @AMDSADD.rexx (text/plain) in CBT.V505.FILE495.PDS, moved to PDS/@AMDSADD
2023-08-06 04:52:37.810257 - Found @APA.rexx (text/plain) in CBT.V505.FILE495.PDS, moved to PDS/@APA
2023-08-06 04:52:37.811319 - Found @APPC.rexx (text/plain) in CBT.V505.FILE495.PDS, moved to PDS/@APPC
2023-08-06 04:52:37.812331 - Found @ASM2.rexx (text/plain) in CBT.V505.FILE495.PDS, moved to PDS/@ASM2
2023-08-06 04:52:37.813287 - Found @ASTEX.rexx (text/plain) in CBT.V505.FILE495.PDS, moved to PDS/@ASTEX
2023-08-06 04:52:37.814216 - Found @ASU.rexx (text/plain) in CBT.V505.FILE495.PDS, moved to PDS/@ASU
2023-08-06 04:52:37.815197 - Found @AXCIS.rexx (text/plain) in CBT.V505.FILE495.PDS, moved to PDS/@AXCIS
2023-08-06 04:52:37.816110 - Found @BDT.rexx (text/plain) in CBT.V505.FILE495.PDS, moved to PDS/@BDT
2023-08-06 04:52:37.817043 - Found @BOOKBLD.rexx (text/plain) in CBT.V505.FILE495.PDS, moved to PDS/@BOOKBLD
2023-08-06 04:52:37.817995 - Found @BOOKDBC.rexx (text/plain) in CBT.V505.FILE495.PDS, moved to PDS/@BOOKDBC
2023-08-06 04:52:37.819030 - Found @BOOKIND.rexx (text/plain) in CBT.V505.FILE495.PDS, moved to PDS/@BOOKIND
2023-08-06 04:52:37.819949 - Found @BOOKRED.rexx (text/plain) in CBT.V505.FILE495.PDS, moved to PDS/@BOOKRED
2023-08-06 04:52:37.820822 - Found @CADISK.rexx (text/plain) in CBT.V505.FILE495.PDS, moved to PDS/@CADISK
2023-08-06 04:52:37.821785 - Found @CALIBR.rexx (text/plain) in CBT.V505.FILE495.PDS, moved to PDS/@CALIBR
2023-08-06 04:52:37.822786 - Found @CAOPERA.rexx (text/plain) in CBT.V505.FILE495.PDS, moved to PDS/@CAOPERA
2023-08-06 04:52:37.823690 - Found @CAOPT.rexx (text/plain) in CBT.V505.FILE495.PDS, moved to PDS/@CAOPT
2023-08-06 04:52:37.824523 - Found @CASPOOL.rexx (text/plain) in CBT.V505.FILE495.PDS, moved to PDS/@CASPOOL
2023-08-06 04:52:37.825357 - Found @CATLMS.rexx (text/plain) in CBT.V505.FILE495.PDS, moved to PDS/@CATLMS
2023-08-06 04:52:37.826257 - Found @CATSS.rexx (text/plain) in CBT.V505.FILE495.PDS, moved to PDS/@CATSS
2023-08-06 04:52:37.827239 - Found @CAVTAPE.rexx (text/plain) in CBT.V505.FILE495.PDS, moved to PDS/@CAVTAPE
2023-08-06 04:52:37.828066 - Found @CAXCOM.rexx (text/plain) in CBT.V505.FILE495.PDS, moved to PDS/@CAXCOM
2023-08-06 04:52:37.828894 - Found @CA1.rexx (text/plain) in CBT.V505.FILE495.PDS, moved to PDS/@CA1
2023-08-06 04:52:37.829969 - Found @CA11.rexx (text/plain) in CBT.V505.FILE495.PDS, moved to PDS/@CA11
2023-08-06 04:52:37.830859 - Found @CA7.rexx (text/plain) in CBT.V505.FILE495.PDS, moved to PDS/@CA7
2023-08-06 04:52:37.831910 - Found @CICMEU1.rexx (text/plain) in CBT.V505.FILE495.PDS, moved to PDS/@CICMEU1
2023-08-06 04:52:37.832883 - Found @CICMEU2.rexx (text/plain) in CBT.V505.FILE495.PDS, moved to PDS/@CICMEU2
2023-08-06 04:52:37.833911 - Found @COMMAND.rexx (text/plain) in CBT.V505.FILE495.PDS, moved to PDS/@COMMAND
2023-08-06 04:52:37.835029 - Found @COMPARX.rexx (text/plain) in CBT.V505.FILE495.PDS, moved to PDS/@COMPARX
2023-08-06 04:52:37.835980 - Found @CPSM.rexx (text/plain) in CBT.V505.FILE495.PDS, moved to PDS/@CPSM
2023-08-06 04:52:37.836886 - Found @CTLGSOL.rexx (text/plain) in CBT.V505.FILE495.PDS, moved to PDS/@CTLGSOL
2023-08-06 04:52:37.837764 - Found @CWLMA.rexx (text/plain) in CBT.V505.FILE495.PDS, moved to PDS/@CWLMA
2023-08-06 04:52:37.838722 - Found @CWUTILS.rexx (text/plain) in CBT.V505.FILE495.PDS, moved to PDS/@CWUTILS
2023-08-06 04:52:37.839614 - Found @DB2ADM.rexx (text/plain) in CBT.V505.FILE495.PDS, moved to PDS/@DB2ADM
2023-08-06 04:52:37.840484 - Found @DB2I.rexx (text/plain) in CBT.V505.FILE495.PDS, moved to PDS/@DB2I
2023-08-06 04:52:37.841389 - Found @DCECONF.rexx (text/plain) in CBT.V505.FILE495.PDS, moved to PDS/@DCECONF
2023-08-06 04:52:37.842416 - Found @DELIVER.rexx (text/plain) in CBT.V505.FILE495.PDS, moved to PDS/@DELIVER
2023-08-06 04:52:37.843373 - Found @DFSCONF.rexx (text/plain) in CBT.V505.FILE495.PDS, moved to PDS/@DFSCONF
2023-08-06 04:52:37.844260 - Found @DFSORT.rexx (text/plain) in CBT.V505.FILE495.PDS, moved to PDS/@DFSORT
2023-08-06 04:52:37.845234 - Found @DITTO.rexx (text/plain) in CBT.V505.FILE495.PDS, moved to PDS/@DITTO
2023-08-06 04:52:37.846254 - Found @DMPMSTI.rexx (text/plain) in CBT.V505.FILE495.PDS, moved to PDS/@DMPMSTI
2023-08-06 04:52:37.847169 - Found @DMPMSTR.rexx (text/plain) in CBT.V505.FILE495.PDS, moved to PDS/@DMPMSTR
2023-08-06 04:52:37.848045 - Found @EJES.rexx (text/plain) in CBT.V505.FILE495.PDS, moved to PDS/@EJES
2023-08-06 04:52:37.849070 - Found @ENDEVOR.rexx (text/plain) in CBT.V505.FILE495.PDS, moved to PDS/@ENDEVOR
2023-08-06 04:52:37.850024 - Found @EPILOG.rexx (text/plain) in CBT.V505.FILE495.PDS, moved to PDS/@EPILOG
2023-08-06 04:52:37.850981 - Found @ESP.rexx (text/plain) in CBT.V505.FILE495.PDS, moved to PDS/@ESP
2023-08-06 04:52:37.851974 - Found @ETFACF2.rexx (text/plain) in CBT.V505.FILE495.PDS, moved to PDS/@ETFACF2
2023-08-06 04:52:37.852944 - Found @ETFRACF.rexx (text/plain) in CBT.V505.FILE495.PDS, moved to PDS/@ETFRACF
2023-08-06 04:52:37.853910 - Found @EXAMINE.rexx (text/plain) in CBT.V505.FILE495.PDS, moved to PDS/@EXAMINE
2023-08-06 04:52:37.854797 - Found @FAT.rexx (text/plain) in CBT.V505.FILE495.PDS, moved to PDS/@FAT
2023-08-06 04:52:37.855755 - Found @FAULTAN.rexx (text/plain) in CBT.V505.FILE495.PDS, moved to PDS/@FAULTAN
2023-08-06 04:52:37.856625 - Found @FDRABR.rexx (text/plain) in CBT.V505.FILE495.PDS, moved to PDS/@FDRABR
2023-08-06 04:52:37.857597 - Found @FFST.rexx (text/plain) in CBT.V505.FILE495.PDS, moved to PDS/@FFST
2023-08-06 04:52:37.858564 - Found @FILEAID.rexx (text/plain) in CBT.V505.FILE495.PDS, moved to PDS/@FILEAID
2023-08-06 04:52:37.859645 - Found @FILEIMS.rexx (text/plain) in CBT.V505.FILE495.PDS, moved to PDS/@FILEIMS
2023-08-06 04:52:37.860554 - Found @FIMGRV1.rexx (text/plain) in CBT.V505.FILE495.PDS, moved to PDS/@FIMGRV1
2023-08-06 04:52:37.861565 - Found @FIMGRV2.rexx (text/plain) in CBT.V505.FILE495.PDS, moved to PDS/@FIMGRV2
2023-08-06 04:52:37.862518 - Found @GDDMPQM.rexx (text/plain) in CBT.V505.FILE495.PDS, moved to PDS/@GDDMPQM
2023-08-06 04:52:37.863547 - Found @GRSMON.rexx (text/plain) in CBT.V505.FILE495.PDS, moved to PDS/@GRSMON
2023-08-06 04:52:37.864500 - Found @GRSMON1.rexx (text/plain) in CBT.V505.FILE495.PDS, moved to PDS/@GRSMON1
2023-08-06 04:52:37.865379 - Found @HCD.rexx (text/plain) in CBT.V505.FILE495.PDS, moved to PDS/@HCD
2023-08-06 04:52:37.866283 - Found @IAM.rexx (text/plain) in CBT.V505.FILE495.PDS, moved to PDS/@IAM
2023-08-06 04:52:37.867328 - Found @ICSF.rexx (text/plain) in CBT.V505.FILE495.PDS, moved to PDS/@ICSF
2023-08-06 04:52:37.868354 - Found @IEF.rexx (text/plain) in CBT.V505.FILE495.PDS, moved to PDS/@IEF
2023-08-06 04:52:37.869334 - Found @IMOD.rexx (text/plain) in CBT.V505.FILE495.PDS, moved to PDS/@IMOD
2023-08-06 04:52:37.870211 - Found @INFOCTR.rexx (text/plain) in CBT.V505.FILE495.PDS, moved to PDS/@INFOCTR
2023-08-06 04:52:37.871062 - Found @INFOPRT.rexx (text/plain) in CBT.V505.FILE495.PDS, moved to PDS/@INFOPRT
2023-08-06 04:52:37.872015 - Found @IOF.rexx (text/plain) in CBT.V505.FILE495.PDS, moved to PDS/@IOF
2023-08-06 04:52:37.872978 - Found @IPCS.rexx (text/plain) in CBT.V505.FILE495.PDS, moved to PDS/@IPCS
2023-08-06 04:52:37.874026 - Found @IPCSIM1.rexx (text/plain) in CBT.V505.FILE495.PDS, moved to PDS/@IPCSIM1
2023-08-06 04:52:37.874933 - Found @IPCSIM2.rexx (text/plain) in CBT.V505.FILE495.PDS, moved to PDS/@IPCSIM2
2023-08-06 04:52:37.875800 - Found @IPCSJ2.rexx (text/plain) in CBT.V505.FILE495.PDS, moved to PDS/@IPCSJ2
2023-08-06 04:52:37.876850 - Found @IPCSJ3.rexx (text/plain) in CBT.V505.FILE495.PDS, moved to PDS/@IPCSJ3
2023-08-06 04:52:37.877828 - Found @IPCSMNU.rexx (text/plain) in CBT.V505.FILE495.PDS, moved to PDS/@IPCSMNU
2023-08-06 04:52:37.878795 - Found @IPCSTC1.rexx (text/plain) in CBT.V505.FILE495.PDS, moved to PDS/@IPCSTC1
2023-08-06 04:52:37.879737 - Found @IPCSTC2.rexx (text/plain) in CBT.V505.FILE495.PDS, moved to PDS/@IPCSTC2
2023-08-06 04:52:37.880696 - Found @ISHELL.rexx (text/plain) in CBT.V505.FILE495.PDS, moved to PDS/@ISHELL
2023-08-06 04:52:37.881632 - Found @ISM.rexx (text/plain) in CBT.V505.FILE495.PDS, moved to PDS/@ISM
2023-08-06 04:52:37.882497 - Found @ISMF.rexx (text/plain) in CBT.V505.FILE495.PDS, moved to PDS/@ISMF
2023-08-06 04:52:37.883504 - Found @ISPCONF.rexx (text/plain) in CBT.V505.FILE495.PDS, moved to PDS/@ISPCONF
2023-08-06 04:52:37.884319 - Found @ISRV.rexx (text/plain) in CBT.V505.FILE495.PDS, moved to PDS/@ISRV
2023-08-06 04:52:37.885264 - Found @IXFP.rexx (text/plain) in CBT.V505.FILE495.PDS, moved to PDS/@IXFP
2023-08-06 04:52:37.886143 - Found @JCLCHEK.rexx (text/plain) in CBT.V505.FILE495.PDS, moved to PDS/@JCLCHEK
2023-08-06 04:52:37.887078 - Found @JESMSTR.rexx (text/plain) in CBT.V505.FILE495.PDS, moved to PDS/@JESMSTR
2023-08-06 04:52:37.887954 - Found @JOBTRAC.rexx (text/plain) in CBT.V505.FILE495.PDS, moved to PDS/@JOBTRAC
2023-08-06 04:52:37.888961 - Found @LANRES.rexx (text/plain) in CBT.V505.FILE495.PDS, moved to PDS/@LANRES
2023-08-06 04:52:37.889827 - Found @LOGRECV.rexx (text/plain) in CBT.V505.FILE495.PDS, moved to PDS/@LOGRECV
2023-08-06 04:52:37.890746 - Found @MQSRIES.rexx (text/plain) in CBT.V505.FILE495.PDS, moved to PDS/@MQSRIES
2023-08-06 04:52:37.891638 - Found @MQSRS52.rexx (text/plain) in CBT.V505.FILE495.PDS, moved to PDS/@MQSRS52
2023-08-06 04:52:37.892433 - Found @MQSRS53.rexx (text/plain) in CBT.V505.FILE495.PDS, moved to PDS/@MQSRS53
2023-08-06 04:52:37.893284 - Found @MXI.rexx (text/plain) in CBT.V505.FILE495.PDS, moved to PDS/@MXI
2023-08-06 04:52:37.894224 - Found @NDM.rexx (text/plain) in CBT.V505.FILE495.PDS, moved to PDS/@NDM
2023-08-06 04:52:37.895104 - Found @NETVFTP.rexx (text/plain) in CBT.V505.FILE495.PDS, moved to PDS/@NETVFTP
2023-08-06 04:52:37.895935 - Found @NPF.rexx (text/plain) in CBT.V505.FILE495.PDS, moved to PDS/@NPF
2023-08-06 04:52:37.896810 - Found @OBROWSE.rexx (text/plain) in CBT.V505.FILE495.PDS, moved to PDS/@OBROWSE
2023-08-06 04:52:37.897756 - Found @OEDIT.rexx (text/plain) in CBT.V505.FILE495.PDS, moved to PDS/@OEDIT
2023-08-06 04:52:37.898638 - Found @OMEGCIC.rexx (text/plain) in CBT.V505.FILE495.PDS, moved to PDS/@OMEGCIC
2023-08-06 04:52:37.899504 - Found @OMEGMVS.rexx (text/plain) in CBT.V505.FILE495.PDS, moved to PDS/@OMEGMVS
2023-08-06 04:52:37.900309 - Found @OMVS.rexx (text/plain) in CBT.V505.FILE495.PDS, moved to PDS/@OMVS
2023-08-06 04:52:37.901177 - Found @OPC.rexx (text/plain) in CBT.V505.FILE495.PDS, moved to PDS/@OPC
2023-08-06 04:52:37.902167 - Found @OPCINST.rexx (text/plain) in CBT.V505.FILE495.PDS, moved to PDS/@OPCINST
2023-08-06 04:52:37.903040 - Found @OPSBRW.rexx (text/plain) in CBT.V505.FILE495.PDS, moved to PDS/@OPSBRW
2023-08-06 04:52:37.903890 - Found @OPSMVS.rexx (text/plain) in CBT.V505.FILE495.PDS, moved to PDS/@OPSMVS
2023-08-06 04:52:37.904705 - Found @OSA.rexx (text/plain) in CBT.V505.FILE495.PDS, moved to PDS/@OSA
2023-08-06 04:52:37.905543 - Found @PANAPT.rexx (text/plain) in CBT.V505.FILE495.PDS, moved to PDS/@PANAPT
2023-08-06 04:52:37.906499 - Found @PANVLET.rexx (text/plain) in CBT.V505.FILE495.PDS, moved to PDS/@PANVLET
2023-08-06 04:52:37.907371 - Found @PDS.rexx (text/plain) in CBT.V505.FILE495.PDS, moved to PDS/@PDS
2023-08-06 04:52:37.908209 - Found @PDSMAN.rexx (text/plain) in CBT.V505.FILE495.PDS, moved to PDS/@PDSMAN
2023-08-06 04:52:37.909090 - Found @PERFSOL.rexx (text/plain) in CBT.V505.FILE495.PDS, moved to PDS/@PERFSOL
2023-08-06 04:52:37.910115 - Found @PLATDBT.rexx (text/plain) in CBT.V505.FILE495.PDS, moved to PDS/@PLATDBT
2023-08-06 04:52:37.911007 - Found @PLP.rexx (text/plain) in CBT.V505.FILE495.PDS, moved to PDS/@PLP
2023-08-06 04:52:37.911839 - Found @PRMTOOL.rexx (text/plain) in CBT.V505.FILE495.PDS, moved to PDS/@PRMTOOL
2023-08-06 04:52:37.912692 - Found @PROSMS.rexx (text/plain) in CBT.V505.FILE495.PDS, moved to PDS/@PROSMS
2023-08-06 04:52:37.913555 - Found @QABATCH.rexx (text/plain) in CBT.V505.FILE495.PDS, moved to PDS/@QABATCH
2023-08-06 04:52:37.914518 - Found @QMF.rexx (text/plain) in CBT.V505.FILE495.PDS, moved to PDS/@QMF
2023-08-06 04:52:37.915354 - Found @QMFOLD.rexx (text/plain) in CBT.V505.FILE495.PDS, moved to PDS/@QMFOLD
2023-08-06 04:52:37.916243 - Found @QWIKREF.rexx (text/plain) in CBT.V505.FILE495.PDS, moved to PDS/@QWIKREF
2023-08-06 04:52:37.917142 - Found @RACF.rexx (text/plain) in CBT.V505.FILE495.PDS, moved to PDS/@RACF
2023-08-06 04:52:37.918127 - Found @RA2.rexx (text/plain) in CBT.V505.FILE495.PDS, moved to PDS/@RA2
2023-08-06 04:52:37.918998 - Found @RESOLVE.rexx (text/plain) in CBT.V505.FILE495.PDS, moved to PDS/@RESOLVE
2023-08-06 04:52:37.919871 - Found @RMDS.rexx (text/plain) in CBT.V505.FILE495.PDS, moved to PDS/@RMDS
2023-08-06 04:52:37.920711 - Found @RMDSOLM.rexx (text/plain) in CBT.V505.FILE495.PDS, moved to PDS/@RMDSOLM
2023-08-06 04:52:37.921564 - Found @RMF.rexx (text/plain) in CBT.V505.FILE495.PDS, moved to PDS/@RMF
2023-08-06 04:52:37.922459 - Found @RMM.rexx (text/plain) in CBT.V505.FILE495.PDS, moved to PDS/@RMM
2023-08-06 04:52:37.923251 - Found @RRS.rexx (text/plain) in CBT.V505.FILE495.PDS, moved to PDS/@RRS
2023-08-06 04:52:37.924043 - Found @SAADMIN.rexx (text/plain) in CBT.V505.FILE495.PDS, moved to PDS/@SAADMIN
2023-08-06 04:52:37.924874 - Found @SAIOCON.rexx (text/plain) in CBT.V505.FILE495.PDS, moved to PDS/@SAIOCON
2023-08-06 04:52:37.925735 - Found @SASC.rexx (text/plain) in CBT.V505.FILE495.PDS, moved to PDS/@SASC
2023-08-06 04:52:37.926540 - Found @SCLM.rexx (text/plain) in CBT.V505.FILE495.PDS, moved to PDS/@SCLM
2023-08-06 04:52:37.927333 - Found @SDSF.rexx (text/plain) in CBT.V505.FILE495.PDS, moved to PDS/@SDSF
2023-08-06 04:52:37.928122 - Found @SDSF1.rexx (text/plain) in CBT.V505.FILE495.PDS, moved to PDS/@SDSF1
2023-08-06 04:52:37.928946 - Found @SERVPAC.rexx (text/plain) in CBT.V505.FILE495.PDS, moved to PDS/@SERVPAC
2023-08-06 04:52:37.929926 - Found @SMPE.rexx (text/plain) in CBT.V505.FILE495.PDS, moved to PDS/@SMPE
2023-08-06 04:52:37.930781 - Found @SOMOBJS.rexx (text/plain) in CBT.V505.FILE495.PDS, moved to PDS/@SOMOBJS
2023-08-06 04:52:37.931606 - Found @STROBE.rexx (text/plain) in CBT.V505.FILE495.PDS, moved to PDS/@STROBE
2023-08-06 04:52:37.932455 - Found @SUNRISE.rexx (text/plain) in CBT.V505.FILE495.PDS, moved to PDS/@SUNRISE
2023-08-06 04:52:37.933286 - Found @SVAA.rexx (text/plain) in CBT.V505.FILE495.PDS, moved to PDS/@SVAA
2023-08-06 04:52:37.934239 - Found @SYNCINT.rexx (text/plain) in CBT.V505.FILE495.PDS, moved to PDS/@SYNCINT
2023-08-06 04:52:37.935084 - Found @SYNCMSG.rexx (text/plain) in CBT.V505.FILE495.PDS, moved to PDS/@SYNCMSG
2023-08-06 04:52:37.935887 - Found @SYSVIEW.rexx (text/plain) in CBT.V505.FILE495.PDS, moved to PDS/@SYSVIEW
2023-08-06 04:52:37.936684 - Found @TABLBAS.rexx (text/plain) in CBT.V505.FILE495.PDS, moved to PDS/@TABLBAS
2023-08-06 04:52:37.937629 - Found @TAPRCLM.rexx (text/plain) in CBT.V505.FILE495.PDS, moved to PDS/@TAPRCLM
2023-08-06 04:52:37.938476 - Found @TASID.rexx (text/plain) in CBT.V505.FILE495.PDS, moved to PDS/@TASID
2023-08-06 04:52:37.939262 - Found @TASID0.rexx (text/plain) in CBT.V505.FILE495.PDS, moved to PDS/@TASID0
2023-08-06 04:52:37.940061 - Found @TDMF.rexx (text/plain) in CBT.V505.FILE495.PDS, moved to PDS/@TDMF
2023-08-06 04:52:37.940850 - Found @TSOMON.rexx (text/plain) in CBT.V505.FILE495.PDS, moved to PDS/@TSOMON
2023-08-06 04:52:37.941646 - Found @UPSTREM.rexx (text/plain) in CBT.V505.FILE495.PDS, moved to PDS/@UPSTREM
2023-08-06 04:52:37.942472 - Found @VANGARD.rexx (text/plain) in CBT.V505.FILE495.PDS, moved to PDS/@VANGARD
2023-08-06 04:52:37.943389 - Found @VIACENT.rexx (text/plain) in CBT.V505.FILE495.PDS, moved to PDS/@VIACENT
2023-08-06 04:52:37.944310 - Found @VIEW.rexx (text/plain) in CBT.V505.FILE495.PDS, moved to PDS/@VIEW
2023-08-06 04:52:37.945271 - Found @VIEWDIR.rexx (text/plain) in CBT.V505.FILE495.PDS, moved to PDS/@VIEWDIR
2023-08-06 04:52:37.946162 - Found @VMCF.rexx (text/plain) in CBT.V505.FILE495.PDS, moved to PDS/@VMCF
2023-08-06 04:52:37.947127 - Found @VPSPRNT.rexx (text/plain) in CBT.V505.FILE495.PDS, moved to PDS/@VPSPRNT
2023-08-06 04:52:37.948088 - Found @VSAMMEC.rexx (text/plain) in CBT.V505.FILE495.PDS, moved to PDS/@VSAMMEC
2023-08-06 04:52:37.949064 - Found @VTAMDMP.rexx (text/plain) in CBT.V505.FILE495.PDS, moved to PDS/@VTAMDMP
2023-08-06 04:52:37.950023 - Found @VTAMDM1.rexx (text/plain) in CBT.V505.FILE495.PDS, moved to PDS/@VTAMDM1
2023-08-06 04:52:37.951000 - Found @VTAMTRC.rexx (text/plain) in CBT.V505.FILE495.PDS, moved to PDS/@VTAMTRC
2023-08-06 04:52:37.951913 - Found @VTAMTR1.rexx (text/plain) in CBT.V505.FILE495.PDS, moved to PDS/@VTAMTR1
2023-08-06 04:52:37.952849 - Found @WLM.rexx (text/plain) in CBT.V505.FILE495.PDS, moved to PDS/@WLM
2023-08-06 04:52:37.953801 - Found @XDC.rexx (text/plain) in CBT.V505.FILE495.PDS, moved to PDS/@XDC
2023-08-06 04:52:37.954752 - Found @XMITIP.rexx (text/plain) in CBT.V505.FILE495.PDS, moved to PDS/@XMITIP
2023-08-06 04:52:37.955616 - Found @XPATH.rexx (text/plain) in CBT.V505.FILE495.PDS, moved to PDS/@XPATH
2023-08-06 04:52:37.956436 - Found @ZEKE.rexx (text/plain) in CBT.V505.FILE495.PDS, moved to PDS/@ZEKE
2023-08-06 04:52:37.957305 - Found ABRALLOC.txt (text/plain) in CBT.V505.FILE495.PDS, moved to PDS/ABRALLOC
2023-08-06 04:52:37.957319 - Found ALLUSER.bin containing application/octet-stream, moved to PDS/ALLUSER
2023-08-06 04:52:37.958197 - Found BOOKMGR.bin containing application/octet-stream, moved to PDS/BOOKMGR
2023-08-06 04:52:37.960199 - Found DSNECPRI.txt (text/plain) in CBT.V505.FILE495.PDS, moved to PDS/DSNECPRI
2023-08-06 04:52:37.961069 - Found EOXBKMGR.rexx (text/plain) in CBT.V505.FILE495.PDS, moved to PDS/EOXBKMGR
2023-08-06 04:52:37.962035 - Found EOXREDIT.rexx (text/plain) in CBT.V505.FILE495.PDS, moved to PDS/EOXREDIT
2023-08-06 04:52:37.962875 - Found EOXVHELP.rexx (text/plain) in CBT.V505.FILE495.PDS, moved to PDS/EOXVHELP
2023-08-06 04:52:37.963699 - Found ERBRMFX.txt (text/plain) in CBT.V505.FILE495.PDS, moved to PDS/ERBRMFX
2023-08-06 04:52:37.964522 - Found ERB0PRM.txt (text/plain) in CBT.V505.FILE495.PDS, moved to PDS/ERB0PRM
2023-08-06 04:52:37.964532 - Found EZBDCMDS.bin containing application/octet-stream, moved to PDS/EZBDCMDS
2023-08-06 04:52:37.966293 - Found IKJTSO00.txt (text/plain) in CBT.V505.FILE495.PDS, moved to PDS/IKJTSO00
2023-08-06 04:52:37.967134 - Found ISMPANL.txt (text/plain) in CBT.V505.FILE495.PDS, moved to PDS/ISMPANL
2023-08-06 04:52:37.967143 - Found ISR@PRIM.bin containing application/octet-stream, moved to PDS/ISR@PRIM
2023-08-06 04:52:37.968755 - Found ISR@PUL2.txt (text/plain) in CBT.V505.FILE495.PDS, moved to PDS/ISR@PUL2
2023-08-06 04:52:37.969697 - Found JCKSPF.txt (text/plain) in CBT.V505.FILE495.PDS, moved to PDS/JCKSPF
2023-08-06 04:52:37.970643 - Found OY59638.txt (text/plain) in CBT.V505.FILE495.PDS, moved to PDS/OY59638
2023-08-06 04:52:37.971494 - Found PERSISPF.rexx (text/plain) in CBT.V505.FILE495.PDS, moved to PDS/PERSISPF
2023-08-06 04:52:37.973493 - De-xmi-ed SHAREDOC to CBT495/docs/SHAREDOC.doc
2023-08-06 04:52:37.974465 - Found TBPRIM.txt (text/plain) in CBT.V505.FILE495.PDS, moved to PDS/TBPRIM
2023-08-06 04:52:37.975285 - Found TSOAPPL.txt (text/plain) in CBT.V505.FILE495.PDS, moved to PDS/TSOAPPL
2023-08-06 04:52:37.975294 - Found TSOAPPL#.bin containing application/octet-stream, moved to PDS/TSOAPPL#
2023-08-06 04:52:37.977220 - Found TSOLOGON.rexx (text/plain) in CBT.V505.FILE495.PDS, moved to PDS/TSOLOGON
2023-08-06 04:52:37.978118 - Found TSOSYSP.txt (text/plain) in CBT.V505.FILE495.PDS, moved to PDS/TSOSYSP
2023-08-06 04:52:37.978127 - Found TSOSYSP#.bin containing application/octet-stream, moved to PDS/TSOSYSP#
2023-08-06 04:52:37.979179 - Found UMISPFP.bin containing application/octet-stream, moved to PDS/UMISPFP
2023-08-06 04:52:37.980433 - No @FILExxx or @FILxxxx detected, creating README.md without extra info
